<?xml version="1.0" encoding="UTF-8"?>
<!-- Generated by org.testng.reporters.JUnitReportReporter -->
<testsuite hostname="dell-pc" failures="0" tests="1" name="amazon.Test.Runner" time="78.389" errors="0" timestamp="2021-01-22T13:24:53 IST" skipped="0">
  <testcase classname="amazon.Test.Runner" name="TestApp" time="78.389"/>
  <system-out/>
</testsuite> <!-- amazon.Test.Runner -->
