<?xml version="1.0" encoding="UTF-8"?>
<!-- Generated by org.testng.reporters.JUnitReportReporter -->
<testsuite hostname="dell-pc" failures="0" tests="1" name="amazon.Test.Runner" time="108.822" errors="0" timestamp="2021-01-21T21:45:54 IST" skipped="0">
  <testcase classname="amazon.Test.Runner" name="TestApp" time="108.822"/>
  <system-out/>
</testsuite> <!-- amazon.Test.Runner -->
